02/15/17 05:01:17  devsetup64:  ----------------------------------------------------------

02/15/17 05:01:17  devsetup64: |                     Driver install                       |

02/15/17 05:01:17  devsetup64:  ----------------------------------------------------------

02/15/17 05:01:17  devsetup64: Info  : Driver Install Begin...

02/15/17 05:01:17  devsetup64: Equal to win7

02/15/17 05:01:17  devsetup64: Identifier: 

02/15/17 05:01:17  devsetup64: Find substring 64, So this is a 64bit OS

02/15/17 05:01:17  devsetup64: Info  : OS Version: Win7 64

02/15/17 05:01:17  devsetup64: Succeed : Check system info finish. 

02/15/17 05:01:17  devsetup64: GetDriverInfo get D:\NAVEEN\projects\jai\doozyUnlocker\windows-64-bit-driver\FcSerialDrv\Driver\install.xml ok

02/15/17 05:01:17  devsetup64: GetInformationFromConfigFile xml path:D:\NAVEEN\projects\jai\doozyUnlocker\windows-64-bit-driver\FcSerialDrv\Driver\install.xml

02/15/17 05:01:17  devsetup64: Identifier: 

02/15/17 05:01:17  devsetup64: Find substring 64, So this is a 64bit OS

02/15/17 05:01:17  devsetup64: Info: Driver path:D:\NAVEEN\projects\jai\doozyUnlocker\windows-64-bit-driver\FcSerialDrv\Driver\X64

02/15/17 05:01:18  devsetup64: 
Info  : Remove driver file, OK.

02/15/17 05:01:18  devsetup64: 
Info  : Remove file [C:\WINDOWS\system32\drivers\FcSerial.sys]

02/15/17 05:01:18  devsetup64: Error : Remove file fail, err: 2

02/15/17 05:01:18  devsetup64: Info  : No inf file should be delete.

02/15/17 05:01:18  devsetup64: 
Info  : Remove driver file, OK.

02/15/17 05:01:18  devsetup64: 
Info  : CoypInfFile begin....

02/15/17 05:01:18  devsetup64: 
Info  : Install inf file [D:\NAVEEN\projects\jai\doozyUnlocker\windows-64-bit-driver\FcSerialDrv\Driver\X64\FcSerial.inf]

02/15/17 05:01:19  devsetup64: Info  : Install inf file OK.

02/15/17 05:01:19  devsetup64: 
Info  : Copy file [D:\NAVEEN\projects\jai\doozyUnlocker\windows-64-bit-driver\FcSerialDrv\Driver\X64\FcSerial.sys] --> [C:\WINDOWS\system32\drivers\FcSerial.sys] 

02/15/17 05:01:19  devsetup64: Info  : Copy file OK.

02/15/17 05:01:19  devsetup64: Info  : Remove device register Info, END...

02/15/17 05:01:19  devsetup64: Info  : Remove device register Info, END...

02/15/17 05:01:19  devsetup64: SUC: end...

02/15/17 05:04:06  devsetup64:  ----------------------------------------------------------

02/15/17 05:04:06  devsetup64: |                     Driver install                       |

02/15/17 05:04:06  devsetup64:  ----------------------------------------------------------

02/15/17 05:04:06  devsetup64: Info  : Driver Install Begin...

02/15/17 05:04:06  devsetup64: Equal to win7

02/15/17 05:04:06  devsetup64: Identifier: 

02/15/17 05:04:06  devsetup64: Find substring 64, So this is a 64bit OS

02/15/17 05:04:06  devsetup64: Info  : OS Version: Win7 64

02/15/17 05:04:06  devsetup64: Succeed : Check system info finish. 

02/15/17 05:04:06  devsetup64: GetDriverInfo get D:\NAVEEN\projects\jai\doozyUnlocker\windows-64-bit-driver\FcSerialDrv\Driver\install.xml ok

02/15/17 05:04:06  devsetup64: GetInformationFromConfigFile xml path:D:\NAVEEN\projects\jai\doozyUnlocker\windows-64-bit-driver\FcSerialDrv\Driver\install.xml

02/15/17 05:04:06  devsetup64: Identifier: 

02/15/17 05:04:06  devsetup64: Find substring 64, So this is a 64bit OS

02/15/17 05:04:06  devsetup64: Info: Driver path:D:\NAVEEN\projects\jai\doozyUnlocker\windows-64-bit-driver\FcSerialDrv\Driver\X64

02/15/17 05:04:06  devsetup64: 
Info  : Remove inf file [C:\WINDOWS\Inf\oem66.inf]

02/15/17 05:04:07  devsetup64: Info  : Remove inf file OK.

02/15/17 05:04:07  devsetup64: 
Info  : Remove driver file, OK.

02/15/17 05:04:07  devsetup64: 
Info  : Remove file [C:\WINDOWS\system32\drivers\FcSerial.sys]

02/15/17 05:04:07  devsetup64: Info  : Remove file OK.

02/15/17 05:04:07  devsetup64: Info  : No inf file should be delete.

02/15/17 05:04:07  devsetup64: 
Info  : Remove driver file, OK.

02/15/17 05:04:07  devsetup64: 
Info  : CoypInfFile begin....

02/15/17 05:04:07  devsetup64: 
Info  : Install inf file [D:\NAVEEN\projects\jai\doozyUnlocker\windows-64-bit-driver\FcSerialDrv\Driver\X64\FcSerial.inf]

02/15/17 05:04:07  devsetup64: Info  : Install inf file OK.

02/15/17 05:04:07  devsetup64: 
Info  : Copy file [D:\NAVEEN\projects\jai\doozyUnlocker\windows-64-bit-driver\FcSerialDrv\Driver\X64\FcSerial.sys] --> [C:\WINDOWS\system32\drivers\FcSerial.sys] 

02/15/17 05:04:07  devsetup64: Info  : Copy file OK.

02/15/17 05:04:07  devsetup64: Info  : Remove device register Info, END...

02/15/17 05:04:07  devsetup64: Info  : Remove device register Info, END...

02/15/17 05:04:07  devsetup64: SUC: end...

02/15/17 05:48:18  devsetup64:  ----------------------------------------------------------

02/15/17 05:48:18  devsetup64: |                    Driver Uninstall                      |

02/15/17 05:48:18  devsetup64:  ----------------------------------------------------------

02/15/17 05:48:18  devsetup64: Info  : Driver Uninstall begin.

02/15/17 05:48:18  devsetup64: Equal to win7

02/15/17 05:48:18  devsetup64: Identifier: 

02/15/17 05:48:18  devsetup64: Find substring 64, So this is a 64bit OS

02/15/17 05:48:18  devsetup64: Info  : OS Version: Win7 64

02/15/17 05:48:18  devsetup64: Succeed : Check system info finish. 

02/15/17 05:48:18  devsetup64: GetDriverInfo get D:\NAVEEN\projects\jai\doozyUnlocker\ModemUnlocker\ModemUnlocker\bin\Debug\FcSerialDrv\Driver\install.xml ok

02/15/17 05:48:18  devsetup64: GetInformationFromConfigFile xml path:D:\NAVEEN\projects\jai\doozyUnlocker\ModemUnlocker\ModemUnlocker\bin\Debug\FcSerialDrv\Driver\install.xml

02/15/17 05:48:19  devsetup64: 
Info  : Remove inf file [C:\WINDOWS\Inf\oem66.inf]

02/15/17 05:48:19  devsetup64: Info  : Remove inf file OK.

02/15/17 05:48:19  devsetup64: 
Info  : Remove driver file, OK.

02/15/17 05:48:19  devsetup64: Info  : Remove device register Info, END...

02/15/17 05:48:19  devsetup64: Info  : Remove device register Info, END...

02/15/17 05:48:19  devsetup64: 
Info  : Remove file [C:\WINDOWS\system32\drivers\FcSerial.sys]

02/15/17 05:48:19  devsetup64: Info  : Remove file OK.

02/15/17 05:48:19  devsetup64: Info  : No inf file should be delete.

02/15/17 05:48:19  devsetup64: 
Info  : Remove driver file, OK.

02/15/17 05:48:19  devsetup64: SUC: end...

02/15/17 10:45:59  devsetup64:  ----------------------------------------------------------

02/15/17 10:45:59  devsetup64: |                     Driver install                       |

02/15/17 10:45:59  devsetup64:  ----------------------------------------------------------

02/15/17 10:45:59  devsetup64: Info  : Driver Install Begin...

02/15/17 10:45:59  devsetup64: Equal to win7

02/15/17 10:45:59  devsetup64: Identifier: 

02/15/17 10:45:59  devsetup64: Find substring 64, So this is a 64bit OS

02/15/17 10:45:59  devsetup64: Info  : OS Version: Win7 64

02/15/17 10:45:59  devsetup64: Succeed : Check system info finish. 

02/15/17 10:45:59  devsetup64: GetDriverInfo get D:\NAVEEN\projects\jai\doozyUnlocker\ModemUnlocker\ModemUnlocker\bin\Debug\FcSerialDrv\Driver\install.xml ok

02/15/17 10:45:59  devsetup64: GetInformationFromConfigFile xml path:D:\NAVEEN\projects\jai\doozyUnlocker\ModemUnlocker\ModemUnlocker\bin\Debug\FcSerialDrv\Driver\install.xml

02/15/17 10:45:59  devsetup64: Identifier: 

02/15/17 10:45:59  devsetup64: Find substring 64, So this is a 64bit OS

02/15/17 10:45:59  devsetup64: Info: Driver path:D:\NAVEEN\projects\jai\doozyUnlocker\ModemUnlocker\ModemUnlocker\bin\Debug\FcSerialDrv\Driver\X64

02/15/17 10:45:59  devsetup64: 
Info  : Remove driver file, OK.

02/15/17 10:45:59  devsetup64: 
Info  : Remove file [C:\WINDOWS\system32\drivers\FcSerial.sys]

02/15/17 10:45:59  devsetup64: Error : Remove file fail, err: 2

02/15/17 10:45:59  devsetup64: Info  : No inf file should be delete.

02/15/17 10:45:59  devsetup64: 
Info  : Remove driver file, OK.

02/15/17 10:45:59  devsetup64: 
Info  : CoypInfFile begin....

02/15/17 10:45:59  devsetup64: 
Info  : Install inf file [D:\NAVEEN\projects\jai\doozyUnlocker\ModemUnlocker\ModemUnlocker\bin\Debug\FcSerialDrv\Driver\X64\FcSerial.inf]

02/15/17 10:46:00  devsetup64: Info  : Install inf file OK.

02/15/17 10:46:00  devsetup64: 
Info  : Copy file [D:\NAVEEN\projects\jai\doozyUnlocker\ModemUnlocker\ModemUnlocker\bin\Debug\FcSerialDrv\Driver\X64\FcSerial.sys] --> [C:\WINDOWS\system32\drivers\FcSerial.sys] 

02/15/17 10:46:00  devsetup64: Info  : Copy file OK.

02/15/17 10:46:00  devsetup64: Info  : Remove device register Info, END...

02/15/17 10:46:00  devsetup64: Info  : Remove device register Info, END...

02/15/17 10:46:00  devsetup64: SUC: end...

02/15/17 10:46:05  devsetup64:  ----------------------------------------------------------

02/15/17 10:46:05  devsetup64: |                     Driver install                       |

02/15/17 10:46:05  devsetup64:  ----------------------------------------------------------

02/15/17 10:46:05  devsetup64: Info  : Driver Install Begin...

02/15/17 10:46:05  devsetup64: Equal to win7

02/15/17 10:46:05  devsetup64: Identifier: 

02/15/17 10:46:05  devsetup64: Find substring 64, So this is a 64bit OS

02/15/17 10:46:05  devsetup64: Info  : OS Version: Win7 64

02/15/17 10:46:05  devsetup64: Succeed : Check system info finish. 

02/15/17 10:46:05  devsetup64: GetDriverInfo get D:\NAVEEN\projects\jai\doozyUnlocker\ModemUnlocker\ModemUnlocker\bin\Debug\FcSerialDrv\Driver\install.xml ok

02/15/17 10:46:05  devsetup64: GetInformationFromConfigFile xml path:D:\NAVEEN\projects\jai\doozyUnlocker\ModemUnlocker\ModemUnlocker\bin\Debug\FcSerialDrv\Driver\install.xml

02/15/17 10:46:05  devsetup64: Identifier: 

02/15/17 10:46:05  devsetup64: Find substring 64, So this is a 64bit OS

02/15/17 10:46:05  devsetup64: Info: Driver path:D:\NAVEEN\projects\jai\doozyUnlocker\ModemUnlocker\ModemUnlocker\bin\Debug\FcSerialDrv\Driver\X64

02/15/17 10:46:05  devsetup64: 
Info  : Remove inf file [C:\WINDOWS\Inf\oem49.inf]

02/15/17 10:46:06  devsetup64: Info  : Remove inf file OK.

02/15/17 10:46:06  devsetup64: 
Info  : Remove driver file, OK.

02/15/17 10:46:06  devsetup64: 
Info  : Remove file [C:\WINDOWS\system32\drivers\FcSerial.sys]

02/15/17 10:46:06  devsetup64: Info  : Remove file OK.

02/15/17 10:46:06  devsetup64: Info  : No inf file should be delete.

02/15/17 10:46:06  devsetup64: 
Info  : Remove driver file, OK.

02/15/17 10:46:06  devsetup64: 
Info  : CoypInfFile begin....

02/15/17 10:46:06  devsetup64: 
Info  : Install inf file [D:\NAVEEN\projects\jai\doozyUnlocker\ModemUnlocker\ModemUnlocker\bin\Debug\FcSerialDrv\Driver\X64\FcSerial.inf]

02/15/17 10:46:06  devsetup64: Info  : Install inf file OK.

02/15/17 10:46:06  devsetup64: 
Info  : Copy file [D:\NAVEEN\projects\jai\doozyUnlocker\ModemUnlocker\ModemUnlocker\bin\Debug\FcSerialDrv\Driver\X64\FcSerial.sys] --> [C:\WINDOWS\system32\drivers\FcSerial.sys] 

02/15/17 10:46:06  devsetup64: Info  : Copy file OK.

02/15/17 10:46:06  devsetup64: Info  : Remove device register Info, END...

02/15/17 10:46:06  devsetup64: Info  : Remove device register Info, END...

02/15/17 10:46:06  devsetup64: SUC: end...

02/15/17 10:46:30  devsetup64:  ----------------------------------------------------------

02/15/17 10:46:30  devsetup64: |                     Driver install                       |

02/15/17 10:46:30  devsetup64:  ----------------------------------------------------------

02/15/17 10:46:30  devsetup64: Info  : Driver Install Begin...

02/15/17 10:46:30  devsetup64: Equal to win7

02/15/17 10:46:30  devsetup64: Identifier: 

02/15/17 10:46:30  devsetup64: Find substring 64, So this is a 64bit OS

02/15/17 10:46:30  devsetup64: Info  : OS Version: Win7 64

02/15/17 10:46:30  devsetup64: Succeed : Check system info finish. 

02/15/17 10:46:30  devsetup64: GetDriverInfo get D:\NAVEEN\projects\jai\doozyUnlocker\ModemUnlocker\ModemUnlocker\bin\Debug\FcSerialDrv\Driver\install.xml ok

02/15/17 10:46:30  devsetup64: GetInformationFromConfigFile xml path:D:\NAVEEN\projects\jai\doozyUnlocker\ModemUnlocker\ModemUnlocker\bin\Debug\FcSerialDrv\Driver\install.xml

02/15/17 10:46:30  devsetup64: Identifier: 

02/15/17 10:46:30  devsetup64: Find substring 64, So this is a 64bit OS

02/15/17 10:46:30  devsetup64: Info: Driver path:D:\NAVEEN\projects\jai\doozyUnlocker\ModemUnlocker\ModemUnlocker\bin\Debug\FcSerialDrv\Driver\X64

02/15/17 10:46:30  devsetup64: 
Info  : Remove inf file [C:\WINDOWS\Inf\oem49.inf]

02/15/17 10:46:30  devsetup64: Info  : Remove inf file OK.

02/15/17 10:46:30  devsetup64: 
Info  : Remove driver file, OK.

02/15/17 10:46:30  devsetup64: 
Info  : Remove file [C:\WINDOWS\system32\drivers\FcSerial.sys]

02/15/17 10:46:30  devsetup64: Info  : Remove file OK.

02/15/17 10:46:30  devsetup64: Info  : No inf file should be delete.

02/15/17 10:46:30  devsetup64: 
Info  : Remove driver file, OK.

02/15/17 10:46:30  devsetup64: 
Info  : CoypInfFile begin....

02/15/17 10:46:30  devsetup64: 
Info  : Install inf file [D:\NAVEEN\projects\jai\doozyUnlocker\ModemUnlocker\ModemUnlocker\bin\Debug\FcSerialDrv\Driver\X64\FcSerial.inf]

02/15/17 10:46:31  devsetup64: Info  : Install inf file OK.

02/15/17 10:46:31  devsetup64: 
Info  : Copy file [D:\NAVEEN\projects\jai\doozyUnlocker\ModemUnlocker\ModemUnlocker\bin\Debug\FcSerialDrv\Driver\X64\FcSerial.sys] --> [C:\WINDOWS\system32\drivers\FcSerial.sys] 

02/15/17 10:46:31  devsetup64: Info  : Copy file OK.

02/15/17 10:46:31  devsetup64: Info  : Remove device register Info, END...

02/15/17 10:46:31  devsetup64: Info  : Remove device register Info, END...

02/15/17 10:46:31  devsetup64: SUC: end...

02/15/17 10:50:25  devsetup64:  ----------------------------------------------------------

02/15/17 10:50:25  devsetup64: |                     Driver install                       |

02/15/17 10:50:25  devsetup64:  ----------------------------------------------------------

02/15/17 10:50:25  devsetup64: Info  : Driver Install Begin...

02/15/17 10:50:25  devsetup64: Equal to win7

02/15/17 10:50:25  devsetup64: Identifier: 

02/15/17 10:50:25  devsetup64: Find substring 64, So this is a 64bit OS

02/15/17 10:50:25  devsetup64: Info  : OS Version: Win7 64

02/15/17 10:50:25  devsetup64: Succeed : Check system info finish. 

02/15/17 10:50:25  devsetup64: GetDriverInfo get D:\NAVEEN\projects\jai\doozyUnlocker\ModemUnlocker\ModemUnlocker\bin\Debug\FcSerialDrv\Driver\install.xml ok

02/15/17 10:50:25  devsetup64: GetInformationFromConfigFile xml path:D:\NAVEEN\projects\jai\doozyUnlocker\ModemUnlocker\ModemUnlocker\bin\Debug\FcSerialDrv\Driver\install.xml

02/15/17 10:50:25  devsetup64: Identifier: 

02/15/17 10:50:25  devsetup64: Find substring 64, So this is a 64bit OS

02/15/17 10:50:25  devsetup64: Info: Driver path:D:\NAVEEN\projects\jai\doozyUnlocker\ModemUnlocker\ModemUnlocker\bin\Debug\FcSerialDrv\Driver\X64

02/15/17 10:50:25  devsetup64: 
Info  : Remove inf file [C:\WINDOWS\Inf\oem49.inf]

02/15/17 10:50:25  devsetup64: Info  : Remove inf file OK.

02/15/17 10:50:25  devsetup64: 
Info  : Remove driver file, OK.

02/15/17 10:50:25  devsetup64: 
Info  : Remove file [C:\WINDOWS\system32\drivers\FcSerial.sys]

02/15/17 10:50:25  devsetup64: Info  : Remove file OK.

02/15/17 10:50:25  devsetup64: Info  : No inf file should be delete.

02/15/17 10:50:25  devsetup64: 
Info  : Remove driver file, OK.

02/15/17 10:50:25  devsetup64: 
Info  : CoypInfFile begin....

02/15/17 10:50:25  devsetup64: 
Info  : Install inf file [D:\NAVEEN\projects\jai\doozyUnlocker\ModemUnlocker\ModemUnlocker\bin\Debug\FcSerialDrv\Driver\X64\FcSerial.inf]

02/15/17 10:50:25  devsetup64: Info  : Install inf file OK.

02/15/17 10:50:25  devsetup64: 
Info  : Copy file [D:\NAVEEN\projects\jai\doozyUnlocker\ModemUnlocker\ModemUnlocker\bin\Debug\FcSerialDrv\Driver\X64\FcSerial.sys] --> [C:\WINDOWS\system32\drivers\FcSerial.sys] 

02/15/17 10:50:25  devsetup64: Info  : Copy file OK.

02/15/17 10:50:25  devsetup64: Info  : Remove device register Info, END...

02/15/17 10:50:25  devsetup64: Info  : Remove device register Info, END...

02/15/17 10:50:25  devsetup64: SUC: end...

02/15/17 10:50:46  devsetup64:  ----------------------------------------------------------

02/15/17 10:50:46  devsetup64: |                     Driver install                       |

02/15/17 10:50:46  devsetup64:  ----------------------------------------------------------

02/15/17 10:50:46  devsetup64: Info  : Driver Install Begin...

02/15/17 10:50:46  devsetup64: Equal to win7

02/15/17 10:50:46  devsetup64: Identifier: 

02/15/17 10:50:46  devsetup64: Find substring 64, So this is a 64bit OS

02/15/17 10:50:46  devsetup64: Info  : OS Version: Win7 64

02/15/17 10:50:46  devsetup64: Succeed : Check system info finish. 

02/15/17 10:50:46  devsetup64: GetDriverInfo get D:\NAVEEN\projects\jai\doozyUnlocker\ModemUnlocker\ModemUnlocker\bin\Debug\FcSerialDrv\Driver\install.xml ok

02/15/17 10:50:46  devsetup64: GetInformationFromConfigFile xml path:D:\NAVEEN\projects\jai\doozyUnlocker\ModemUnlocker\ModemUnlocker\bin\Debug\FcSerialDrv\Driver\install.xml

02/15/17 10:50:46  devsetup64: Identifier: 

02/15/17 10:50:46  devsetup64: Find substring 64, So this is a 64bit OS

02/15/17 10:50:46  devsetup64: Info: Driver path:D:\NAVEEN\projects\jai\doozyUnlocker\ModemUnlocker\ModemUnlocker\bin\Debug\FcSerialDrv\Driver\X64

02/15/17 10:50:46  devsetup64: 
Info  : Remove inf file [C:\WINDOWS\Inf\oem49.inf]

02/15/17 10:50:46  devsetup64: Info  : Remove inf file OK.

02/15/17 10:50:46  devsetup64: 
Info  : Remove driver file, OK.

02/15/17 10:50:46  devsetup64: 
Info  : Remove file [C:\WINDOWS\system32\drivers\FcSerial.sys]

02/15/17 10:50:46  devsetup64: Info  : Remove file OK.

02/15/17 10:50:46  devsetup64: Info  : No inf file should be delete.

02/15/17 10:50:47  devsetup64: 
Info  : Remove driver file, OK.

02/15/17 10:50:47  devsetup64: 
Info  : CoypInfFile begin....

02/15/17 10:50:47  devsetup64: 
Info  : Install inf file [D:\NAVEEN\projects\jai\doozyUnlocker\ModemUnlocker\ModemUnlocker\bin\Debug\FcSerialDrv\Driver\X64\FcSerial.inf]

02/15/17 10:50:47  devsetup64: Info  : Install inf file OK.

02/15/17 10:50:47  devsetup64: 
Info  : Copy file [D:\NAVEEN\projects\jai\doozyUnlocker\ModemUnlocker\ModemUnlocker\bin\Debug\FcSerialDrv\Driver\X64\FcSerial.sys] --> [C:\WINDOWS\system32\drivers\FcSerial.sys] 

02/15/17 10:50:47  devsetup64: Info  : Copy file OK.

02/15/17 10:50:47  devsetup64: Info  : Remove device register Info, END...

02/15/17 10:50:47  devsetup64: Info  : Remove device register Info, END...

02/15/17 10:50:47  devsetup64: SUC: end...

02/15/17 10:52:46  devsetup64:  ----------------------------------------------------------

02/15/17 10:52:46  devsetup64: |                     Driver install                       |

02/15/17 10:52:46  devsetup64:  ----------------------------------------------------------

02/15/17 10:52:46  devsetup64: Info  : Driver Install Begin...

02/15/17 10:52:46  devsetup64: Equal to win7

02/15/17 10:52:46  devsetup64: Identifier: 

02/15/17 10:52:46  devsetup64: Find substring 64, So this is a 64bit OS

02/15/17 10:52:46  devsetup64: Info  : OS Version: Win7 64

02/15/17 10:52:46  devsetup64: Succeed : Check system info finish. 

02/15/17 10:52:46  devsetup64: GetDriverInfo get D:\NAVEEN\projects\jai\doozyUnlocker\ModemUnlocker\ModemUnlocker\bin\Debug\FcSerialDrv\Driver\install.xml ok

02/15/17 10:52:46  devsetup64: GetInformationFromConfigFile xml path:D:\NAVEEN\projects\jai\doozyUnlocker\ModemUnlocker\ModemUnlocker\bin\Debug\FcSerialDrv\Driver\install.xml

02/15/17 10:52:46  devsetup64: Identifier: 

02/15/17 10:52:46  devsetup64: Find substring 64, So this is a 64bit OS

02/15/17 10:52:46  devsetup64: Info: Driver path:D:\NAVEEN\projects\jai\doozyUnlocker\ModemUnlocker\ModemUnlocker\bin\Debug\FcSerialDrv\Driver\X64

02/15/17 10:52:46  devsetup64: 
Info  : Remove inf file [C:\WINDOWS\Inf\oem49.inf]

02/15/17 10:52:46  devsetup64: Info  : Remove inf file OK.

02/15/17 10:52:46  devsetup64: 
Info  : Remove driver file, OK.

02/15/17 10:52:46  devsetup64: 
Info  : Remove file [C:\WINDOWS\system32\drivers\FcSerial.sys]

02/15/17 10:52:46  devsetup64: Info  : Remove file OK.

02/15/17 10:52:46  devsetup64: Info  : No inf file should be delete.

02/15/17 10:52:46  devsetup64: 
Info  : Remove driver file, OK.

02/15/17 10:52:46  devsetup64: 
Info  : CoypInfFile begin....

02/15/17 10:52:46  devsetup64: 
Info  : Install inf file [D:\NAVEEN\projects\jai\doozyUnlocker\ModemUnlocker\ModemUnlocker\bin\Debug\FcSerialDrv\Driver\X64\FcSerial.inf]

02/15/17 10:52:47  devsetup64: Info  : Install inf file OK.

02/15/17 10:52:47  devsetup64: 
Info  : Copy file [D:\NAVEEN\projects\jai\doozyUnlocker\ModemUnlocker\ModemUnlocker\bin\Debug\FcSerialDrv\Driver\X64\FcSerial.sys] --> [C:\WINDOWS\system32\drivers\FcSerial.sys] 

02/15/17 10:52:47  devsetup64: Info  : Copy file OK.

02/15/17 10:52:47  devsetup64: Info  : Remove device register Info, END...

02/15/17 10:52:47  devsetup64: Info  : Remove device register Info, END...

02/15/17 10:52:47  devsetup64: SUC: end...

02/15/17 10:59:22  devsetup64:  ----------------------------------------------------------

02/15/17 10:59:22  devsetup64: |                     Driver install                       |

02/15/17 10:59:22  devsetup64:  ----------------------------------------------------------

02/15/17 10:59:22  devsetup64: Info  : Driver Install Begin...

02/15/17 10:59:22  devsetup64: Equal to win7

02/15/17 10:59:22  devsetup64: Identifier: 

02/15/17 10:59:22  devsetup64: Find substring 64, So this is a 64bit OS

02/15/17 10:59:22  devsetup64: Info  : OS Version: Win7 64

02/15/17 10:59:22  devsetup64: Succeed : Check system info finish. 

02/15/17 10:59:22  devsetup64: GetDriverInfo get D:\NAVEEN\projects\jai\doozyUnlocker\ModemUnlocker\ModemUnlocker\bin\Debug\FcSerialDrv\Driver\install.xml ok

02/15/17 10:59:22  devsetup64: GetInformationFromConfigFile xml path:D:\NAVEEN\projects\jai\doozyUnlocker\ModemUnlocker\ModemUnlocker\bin\Debug\FcSerialDrv\Driver\install.xml

02/15/17 10:59:22  devsetup64: Identifier: 

02/15/17 10:59:22  devsetup64: Find substring 64, So this is a 64bit OS

02/15/17 10:59:22  devsetup64: Info: Driver path:D:\NAVEEN\projects\jai\doozyUnlocker\ModemUnlocker\ModemUnlocker\bin\Debug\FcSerialDrv\Driver\X64

02/15/17 10:59:22  devsetup64: 
Info  : Remove inf file [C:\WINDOWS\Inf\oem49.inf]

02/15/17 10:59:22  devsetup64: Info  : Remove inf file OK.

02/15/17 10:59:22  devsetup64: 
Info  : Remove driver file, OK.

02/15/17 10:59:22  devsetup64: 
Info  : Remove file [C:\WINDOWS\system32\drivers\FcSerial.sys]

02/15/17 10:59:22  devsetup64: Info  : Remove file OK.

02/15/17 10:59:22  devsetup64: Info  : No inf file should be delete.

02/15/17 10:59:22  devsetup64: 
Info  : Remove driver file, OK.

02/15/17 10:59:22  devsetup64: 
Info  : CoypInfFile begin....

02/15/17 10:59:22  devsetup64: 
Info  : Install inf file [D:\NAVEEN\projects\jai\doozyUnlocker\ModemUnlocker\ModemUnlocker\bin\Debug\FcSerialDrv\Driver\X64\FcSerial.inf]

02/15/17 10:59:22  devsetup64: Info  : Install inf file OK.

02/15/17 10:59:22  devsetup64: 
Info  : Copy file [D:\NAVEEN\projects\jai\doozyUnlocker\ModemUnlocker\ModemUnlocker\bin\Debug\FcSerialDrv\Driver\X64\FcSerial.sys] --> [C:\WINDOWS\system32\drivers\FcSerial.sys] 

02/15/17 10:59:22  devsetup64: Info  : Copy file OK.

02/15/17 10:59:22  devsetup64: Info  : Remove device register Info, END...

02/15/17 10:59:22  devsetup64: Info  : Remove device register Info, END...

02/15/17 10:59:22  devsetup64: SUC: end...

02/15/17 11:06:03  devsetup64:  ----------------------------------------------------------

02/15/17 11:06:03  devsetup64: |                    Driver Uninstall                      |

02/15/17 11:06:03  devsetup64:  ----------------------------------------------------------

02/15/17 11:06:03  devsetup64: Info  : Driver Uninstall begin.

02/15/17 11:06:03  devsetup64: Equal to win7

02/15/17 11:06:03  devsetup64: Identifier: 

02/15/17 11:06:03  devsetup64: Find substring 64, So this is a 64bit OS

02/15/17 11:06:03  devsetup64: Info  : OS Version: Win7 64

02/15/17 11:06:03  devsetup64: Succeed : Check system info finish. 

02/15/17 11:06:03  devsetup64: GetDriverInfo get D:\NAVEEN\projects\jai\doozyUnlocker\ModemUnlocker\ModemUnlocker\bin\Debug\FcSerialDrv\Driver\install.xml ok

02/15/17 11:06:03  devsetup64: GetInformationFromConfigFile xml path:D:\NAVEEN\projects\jai\doozyUnlocker\ModemUnlocker\ModemUnlocker\bin\Debug\FcSerialDrv\Driver\install.xml

02/15/17 11:06:03  devsetup64: 
Info  : Remove inf file [C:\WINDOWS\Inf\oem49.inf]

02/15/17 11:06:03  devsetup64: Info  : Remove inf file OK.

02/15/17 11:06:03  devsetup64: 
Info  : Remove driver file, OK.

02/15/17 11:06:03  devsetup64: Info  : Remove device register Info, END...

02/15/17 11:06:03  devsetup64: Info  : Remove device register Info, END...

02/15/17 11:06:03  devsetup64: 
Info  : Remove file [C:\WINDOWS\system32\drivers\FcSerial.sys]

02/15/17 11:06:03  devsetup64: Info  : Remove file OK.

02/15/17 11:06:03  devsetup64: Info  : No inf file should be delete.

02/15/17 11:06:03  devsetup64: 
Info  : Remove driver file, OK.

02/15/17 11:06:03  devsetup64: SUC: end...

02/15/17 11:10:19  devsetup64:  ----------------------------------------------------------

02/15/17 11:10:19  devsetup64: |                     Driver install                       |

02/15/17 11:10:19  devsetup64:  ----------------------------------------------------------

02/15/17 11:10:19  devsetup64: Info  : Driver Install Begin...

02/15/17 11:10:19  devsetup64: Equal to win7

02/15/17 11:10:19  devsetup64: Identifier: 

02/15/17 11:10:19  devsetup64: Find substring 64, So this is a 64bit OS

02/15/17 11:10:19  devsetup64: Info  : OS Version: Win7 64

02/15/17 11:10:19  devsetup64: Succeed : Check system info finish. 

02/15/17 11:10:19  devsetup64: GetDriverInfo get D:\NAVEEN\projects\jai\doozyUnlocker\ModemUnlocker\ModemUnlocker\bin\Debug\FcSerialDrv\Driver\install.xml ok

02/15/17 11:10:19  devsetup64: GetInformationFromConfigFile xml path:D:\NAVEEN\projects\jai\doozyUnlocker\ModemUnlocker\ModemUnlocker\bin\Debug\FcSerialDrv\Driver\install.xml

02/15/17 11:10:19  devsetup64: Identifier: 

02/15/17 11:10:19  devsetup64: Find substring 64, So this is a 64bit OS

02/15/17 11:10:19  devsetup64: Info: Driver path:D:\NAVEEN\projects\jai\doozyUnlocker\ModemUnlocker\ModemUnlocker\bin\Debug\FcSerialDrv\Driver\X64

02/15/17 11:10:19  devsetup64: 
Info  : Remove driver file, OK.

02/15/17 11:10:19  devsetup64: 
Info  : Remove file [C:\WINDOWS\system32\drivers\FcSerial.sys]

02/15/17 11:10:19  devsetup64: Error : Remove file fail, err: 2

02/15/17 11:10:19  devsetup64: Info  : No inf file should be delete.

02/15/17 11:10:19  devsetup64: 
Info  : Remove driver file, OK.

02/15/17 11:10:19  devsetup64: 
Info  : CoypInfFile begin....

02/15/17 11:10:19  devsetup64: 
Info  : Install inf file [D:\NAVEEN\projects\jai\doozyUnlocker\ModemUnlocker\ModemUnlocker\bin\Debug\FcSerialDrv\Driver\X64\FcSerial.inf]

02/15/17 11:10:19  devsetup64: Info  : Install inf file OK.

02/15/17 11:10:19  devsetup64: 
Info  : Copy file [D:\NAVEEN\projects\jai\doozyUnlocker\ModemUnlocker\ModemUnlocker\bin\Debug\FcSerialDrv\Driver\X64\FcSerial.sys] --> [C:\WINDOWS\system32\drivers\FcSerial.sys] 

02/15/17 11:10:19  devsetup64: Info  : Copy file OK.

02/15/17 11:10:19  devsetup64: Info  : Remove device register Info, END...

02/15/17 11:10:19  devsetup64: Info  : Remove device register Info, END...

02/15/17 11:10:19  devsetup64: SUC: end...

02/15/17 11:11:18  devsetup64:  ----------------------------------------------------------

02/15/17 11:11:18  devsetup64: |                     Driver install                       |

02/15/17 11:11:18  devsetup64:  ----------------------------------------------------------

02/15/17 11:11:18  devsetup64: Info  : Driver Install Begin...

02/15/17 11:11:18  devsetup64: Equal to win7

02/15/17 11:11:18  devsetup64: Identifier: 

02/15/17 11:11:18  devsetup64: Find substring 64, So this is a 64bit OS

02/15/17 11:11:18  devsetup64: Info  : OS Version: Win7 64

02/15/17 11:11:18  devsetup64: Succeed : Check system info finish. 

02/15/17 11:11:18  devsetup64: GetDriverInfo get D:\NAVEEN\projects\jai\doozyUnlocker\ModemUnlocker\ModemUnlocker\bin\Debug\FcSerialDrv\Driver\install.xml ok

02/15/17 11:11:18  devsetup64: GetInformationFromConfigFile xml path:D:\NAVEEN\projects\jai\doozyUnlocker\ModemUnlocker\ModemUnlocker\bin\Debug\FcSerialDrv\Driver\install.xml

02/15/17 11:11:18  devsetup64: Identifier: 

02/15/17 11:11:18  devsetup64: Find substring 64, So this is a 64bit OS

02/15/17 11:11:18  devsetup64: Info: Driver path:D:\NAVEEN\projects\jai\doozyUnlocker\ModemUnlocker\ModemUnlocker\bin\Debug\FcSerialDrv\Driver\X64

02/15/17 11:11:18  devsetup64: 
Info  : Remove inf file [C:\WINDOWS\Inf\oem49.inf]

02/15/17 11:11:18  devsetup64: Info  : Remove inf file OK.

02/15/17 11:11:18  devsetup64: 
Info  : Remove driver file, OK.

02/15/17 11:11:18  devsetup64: 
Info  : Remove file [C:\WINDOWS\system32\drivers\FcSerial.sys]

02/15/17 11:11:18  devsetup64: Info  : Remove file OK.

02/15/17 11:11:18  devsetup64: Info  : No inf file should be delete.

02/15/17 11:11:19  devsetup64: 
Info  : Remove driver file, OK.

02/15/17 11:11:19  devsetup64: 
Info  : CoypInfFile begin....

02/15/17 11:11:19  devsetup64: 
Info  : Install inf file [D:\NAVEEN\projects\jai\doozyUnlocker\ModemUnlocker\ModemUnlocker\bin\Debug\FcSerialDrv\Driver\X64\FcSerial.inf]

02/15/17 11:11:19  devsetup64: Info  : Install inf file OK.

02/15/17 11:11:19  devsetup64: 
Info  : Copy file [D:\NAVEEN\projects\jai\doozyUnlocker\ModemUnlocker\ModemUnlocker\bin\Debug\FcSerialDrv\Driver\X64\FcSerial.sys] --> [C:\WINDOWS\system32\drivers\FcSerial.sys] 

02/15/17 11:11:19  devsetup64: Info  : Copy file OK.

02/15/17 11:11:19  devsetup64: Info  : Remove device register Info, END...

02/15/17 11:11:19  devsetup64: Info  : Remove device register Info, END...

02/15/17 11:11:19  devsetup64: SUC: end...

02/15/17 11:11:53  devsetup64:  ----------------------------------------------------------

02/15/17 11:11:53  devsetup64: |                     Driver install                       |

02/15/17 11:11:53  devsetup64:  ----------------------------------------------------------

02/15/17 11:11:53  devsetup64: Info  : Driver Install Begin...

02/15/17 11:11:53  devsetup64: Equal to win7

02/15/17 11:11:53  devsetup64: Identifier: 

02/15/17 11:11:53  devsetup64: Find substring 64, So this is a 64bit OS

02/15/17 11:11:53  devsetup64: Info  : OS Version: Win7 64

02/15/17 11:11:53  devsetup64: Succeed : Check system info finish. 

02/15/17 11:11:53  devsetup64: GetDriverInfo get D:\NAVEEN\projects\jai\doozyUnlocker\ModemUnlocker\ModemUnlocker\bin\Debug\FcSerialDrv\Driver\install.xml ok

02/15/17 11:11:53  devsetup64: GetInformationFromConfigFile xml path:D:\NAVEEN\projects\jai\doozyUnlocker\ModemUnlocker\ModemUnlocker\bin\Debug\FcSerialDrv\Driver\install.xml

02/15/17 11:11:53  devsetup64: Identifier: 

02/15/17 11:11:53  devsetup64: Find substring 64, So this is a 64bit OS

02/15/17 11:11:53  devsetup64: Info: Driver path:D:\NAVEEN\projects\jai\doozyUnlocker\ModemUnlocker\ModemUnlocker\bin\Debug\FcSerialDrv\Driver\X64

02/15/17 11:11:53  devsetup64: 
Info  : Remove inf file [C:\WINDOWS\Inf\oem49.inf]

02/15/17 11:11:53  devsetup64: Info  : Remove inf file OK.

02/15/17 11:11:53  devsetup64: 
Info  : Remove driver file, OK.

02/15/17 11:11:53  devsetup64: 
Info  : Remove file [C:\WINDOWS\system32\drivers\FcSerial.sys]

02/15/17 11:11:53  devsetup64: Info  : Remove file OK.

02/15/17 11:11:53  devsetup64: Info  : No inf file should be delete.

02/15/17 11:11:53  devsetup64: 
Info  : Remove driver file, OK.

02/15/17 11:11:53  devsetup64: 
Info  : CoypInfFile begin....

02/15/17 11:11:53  devsetup64: 
Info  : Install inf file [D:\NAVEEN\projects\jai\doozyUnlocker\ModemUnlocker\ModemUnlocker\bin\Debug\FcSerialDrv\Driver\X64\FcSerial.inf]

02/15/17 11:11:54  devsetup64: Info  : Install inf file OK.

02/15/17 11:11:54  devsetup64: 
Info  : Copy file [D:\NAVEEN\projects\jai\doozyUnlocker\ModemUnlocker\ModemUnlocker\bin\Debug\FcSerialDrv\Driver\X64\FcSerial.sys] --> [C:\WINDOWS\system32\drivers\FcSerial.sys] 

02/15/17 11:11:54  devsetup64: Info  : Copy file OK.

02/15/17 11:11:54  devsetup64: Info  : Remove device register Info, END...

02/15/17 11:11:54  devsetup64: Info  : Remove device register Info, END...

02/15/17 11:11:54  devsetup64: SUC: end...

02/15/17 11:19:06  devsetup64:  ----------------------------------------------------------

02/15/17 11:19:06  devsetup64: |                    Driver Uninstall                      |

02/15/17 11:19:06  devsetup64:  ----------------------------------------------------------

02/15/17 11:19:06  devsetup64: Info  : Driver Uninstall begin.

02/15/17 11:19:06  devsetup64: Equal to win7

02/15/17 11:19:06  devsetup64: Identifier: 

02/15/17 11:19:06  devsetup64: Find substring 64, So this is a 64bit OS

02/15/17 11:19:06  devsetup64: Info  : OS Version: Win7 64

02/15/17 11:19:06  devsetup64: Succeed : Check system info finish. 

02/15/17 11:19:06  devsetup64: GetDriverInfo get D:\NAVEEN\projects\jai\doozyUnlocker\ModemUnlocker\ModemUnlocker\bin\Debug\FcSerialDrv\Driver\install.xml ok

02/15/17 11:19:06  devsetup64: GetInformationFromConfigFile xml path:D:\NAVEEN\projects\jai\doozyUnlocker\ModemUnlocker\ModemUnlocker\bin\Debug\FcSerialDrv\Driver\install.xml

02/15/17 11:19:06  devsetup64: 
Info  : Remove inf file [C:\WINDOWS\Inf\oem49.inf]

02/15/17 11:19:06  devsetup64: Info  : Remove inf file OK.

02/15/17 11:19:06  devsetup64: 
Info  : Remove driver file, OK.

02/15/17 11:19:06  devsetup64: Info  : Remove device register Info, END...

02/15/17 11:19:06  devsetup64: Info  : Remove device register Info, END...

02/15/17 11:19:06  devsetup64: 
Info  : Remove file [C:\WINDOWS\system32\drivers\FcSerial.sys]

02/15/17 11:19:06  devsetup64: Info  : Remove file OK.

02/15/17 11:19:06  devsetup64: Info  : No inf file should be delete.

02/15/17 11:19:06  devsetup64: 
Info  : Remove driver file, OK.

02/15/17 11:19:06  devsetup64: SUC: end...

02/15/17 11:19:42  devsetup64:  ----------------------------------------------------------

02/15/17 11:19:42  devsetup64: |                    Driver Uninstall                      |

02/15/17 11:19:42  devsetup64:  ----------------------------------------------------------

02/15/17 11:19:42  devsetup64: Info  : Driver Uninstall begin.

02/15/17 11:19:42  devsetup64: Equal to win7

02/15/17 11:19:42  devsetup64: Identifier: 

02/15/17 11:19:42  devsetup64: Find substring 64, So this is a 64bit OS

02/15/17 11:19:42  devsetup64: Info  : OS Version: Win7 64

02/15/17 11:19:42  devsetup64: Succeed : Check system info finish. 

02/15/17 11:19:42  devsetup64: GetDriverInfo get D:\NAVEEN\projects\jai\doozyUnlocker\ModemUnlocker\ModemUnlocker\bin\Debug\FcSerialDrv\Driver\install.xml ok

02/15/17 11:19:42  devsetup64: GetInformationFromConfigFile xml path:D:\NAVEEN\projects\jai\doozyUnlocker\ModemUnlocker\ModemUnlocker\bin\Debug\FcSerialDrv\Driver\install.xml

02/15/17 11:19:42  devsetup64: 
Info  : Remove driver file, OK.

02/15/17 11:19:42  devsetup64: Info  : Remove device register Info, END...

02/15/17 11:19:42  devsetup64: Info  : Remove device register Info, END...

02/15/17 11:19:42  devsetup64: 
Info  : Remove file [C:\WINDOWS\system32\drivers\FcSerial.sys]

02/15/17 11:19:42  devsetup64: Error : Remove file fail, err: 2

02/15/17 11:19:42  devsetup64: Info  : No inf file should be delete.

02/15/17 11:19:42  devsetup64: 
Info  : Remove driver file, OK.

02/15/17 11:19:42  devsetup64: SUC: end...

02/15/17 11:23:17  devsetup64:  ----------------------------------------------------------

02/15/17 11:23:17  devsetup64: |                    Driver Uninstall                      |

02/15/17 11:23:17  devsetup64:  ----------------------------------------------------------

02/15/17 11:23:17  devsetup64: Info  : Driver Uninstall begin.

02/15/17 11:23:17  devsetup64: Equal to win7

02/15/17 11:23:17  devsetup64: Identifier: 

02/15/17 11:23:17  devsetup64: Find substring 64, So this is a 64bit OS

02/15/17 11:23:17  devsetup64: Info  : OS Version: Win7 64

02/15/17 11:23:17  devsetup64: Succeed : Check system info finish. 

02/15/17 11:23:17  devsetup64: GetDriverInfo get D:\NAVEEN\projects\jai\doozyUnlocker\ModemUnlocker\ModemUnlocker\bin\Debug\FcSerialDrv\Driver\install.xml ok

02/15/17 11:23:17  devsetup64: GetInformationFromConfigFile xml path:D:\NAVEEN\projects\jai\doozyUnlocker\ModemUnlocker\ModemUnlocker\bin\Debug\FcSerialDrv\Driver\install.xml

02/15/17 11:23:17  devsetup64: 
Info  : Remove driver file, OK.

02/15/17 11:23:17  devsetup64: Info  : Remove device register Info, END...

02/15/17 11:23:17  devsetup64: Info  : Remove device register Info, END...

02/15/17 11:23:17  devsetup64: 
Info  : Remove file [C:\WINDOWS\system32\drivers\FcSerial.sys]

02/15/17 11:23:18  devsetup64: Error : Remove file fail, err: 2

02/15/17 11:23:18  devsetup64: Info  : No inf file should be delete.

02/15/17 11:23:18  devsetup64: 
Info  : Remove driver file, OK.

02/15/17 11:23:18  devsetup64: SUC: end...

02/15/17 11:23:54  devsetup64:  ----------------------------------------------------------

02/15/17 11:23:54  devsetup64: |                     Driver install                       |

02/15/17 11:23:54  devsetup64:  ----------------------------------------------------------

02/15/17 11:23:54  devsetup64: Info  : Driver Install Begin...

02/15/17 11:23:54  devsetup64: Equal to win7

02/15/17 11:23:54  devsetup64: Identifier: 

02/15/17 11:23:54  devsetup64: Find substring 64, So this is a 64bit OS

02/15/17 11:23:54  devsetup64: Info  : OS Version: Win7 64

02/15/17 11:23:54  devsetup64: Succeed : Check system info finish. 

02/15/17 11:23:54  devsetup64: GetDriverInfo get D:\NAVEEN\projects\jai\doozyUnlocker\ModemUnlocker\ModemUnlocker\bin\Debug\FcSerialDrv\Driver\install.xml ok

02/15/17 11:23:54  devsetup64: GetInformationFromConfigFile xml path:D:\NAVEEN\projects\jai\doozyUnlocker\ModemUnlocker\ModemUnlocker\bin\Debug\FcSerialDrv\Driver\install.xml

02/15/17 11:23:54  devsetup64: Identifier: 

02/15/17 11:23:54  devsetup64: Find substring 64, So this is a 64bit OS

02/15/17 11:23:54  devsetup64: Info: Driver path:D:\NAVEEN\projects\jai\doozyUnlocker\ModemUnlocker\ModemUnlocker\bin\Debug\FcSerialDrv\Driver\X64

02/15/17 11:23:54  devsetup64: 
Info  : Remove driver file, OK.

02/15/17 11:23:54  devsetup64: 
Info  : Remove file [C:\WINDOWS\system32\drivers\FcSerial.sys]

02/15/17 11:23:54  devsetup64: Error : Remove file fail, err: 2

02/15/17 11:23:54  devsetup64: Info  : No inf file should be delete.

02/15/17 11:23:54  devsetup64: 
Info  : Remove driver file, OK.

02/15/17 11:23:54  devsetup64: 
Info  : CoypInfFile begin....

02/15/17 11:23:54  devsetup64: 
Info  : Install inf file [D:\NAVEEN\projects\jai\doozyUnlocker\ModemUnlocker\ModemUnlocker\bin\Debug\FcSerialDrv\Driver\X64\FcSerial.inf]

02/15/17 11:23:54  devsetup64: Info  : Install inf file OK.

02/15/17 11:23:54  devsetup64: 
Info  : Copy file [D:\NAVEEN\projects\jai\doozyUnlocker\ModemUnlocker\ModemUnlocker\bin\Debug\FcSerialDrv\Driver\X64\FcSerial.sys] --> [C:\WINDOWS\system32\drivers\FcSerial.sys] 

02/15/17 11:23:54  devsetup64: Info  : Copy file OK.

02/15/17 11:23:54  devsetup64: Info  : Remove device register Info, END...

02/15/17 11:23:54  devsetup64: Info  : Remove device register Info, END...

02/15/17 11:23:54  devsetup64: SUC: end...

02/15/17 11:26:37  devsetup64:  ----------------------------------------------------------

02/15/17 11:26:37  devsetup64: |                    Driver Uninstall                      |

02/15/17 11:26:37  devsetup64:  ----------------------------------------------------------

02/15/17 11:26:37  devsetup64: Info  : Driver Uninstall begin.

02/15/17 11:26:37  devsetup64: Equal to win7

02/15/17 11:26:37  devsetup64: Identifier: 

02/15/17 11:26:37  devsetup64: Find substring 64, So this is a 64bit OS

02/15/17 11:26:37  devsetup64: Info  : OS Version: Win7 64

02/15/17 11:26:37  devsetup64: Succeed : Check system info finish. 

02/15/17 11:26:37  devsetup64: GetDriverInfo get D:\NAVEEN\projects\jai\doozyUnlocker\ModemUnlocker\ModemUnlocker\bin\Debug\FcSerialDrv\Driver\install.xml ok

02/15/17 11:26:37  devsetup64: GetInformationFromConfigFile xml path:D:\NAVEEN\projects\jai\doozyUnlocker\ModemUnlocker\ModemUnlocker\bin\Debug\FcSerialDrv\Driver\install.xml

02/15/17 11:26:37  devsetup64: 
Info  : Remove inf file [C:\WINDOWS\Inf\oem49.inf]

02/15/17 11:26:38  devsetup64: Info  : Remove inf file OK.

02/15/17 11:26:38  devsetup64: 
Info  : Remove driver file, OK.

02/15/17 11:26:38  devsetup64: Info  : Remove device register Info, END...

02/15/17 11:26:38  devsetup64: Info  : Remove device register Info, END...

02/15/17 11:26:38  devsetup64: 
Info  : Remove file [C:\WINDOWS\system32\drivers\FcSerial.sys]

02/15/17 11:26:38  devsetup64: Info  : Remove file OK.

02/15/17 11:26:38  devsetup64: Info  : No inf file should be delete.

02/15/17 11:26:38  devsetup64: 
Info  : Remove driver file, OK.

02/15/17 11:26:38  devsetup64: SUC: end...

02/15/17 11:40:00  devsetup64:  ----------------------------------------------------------

02/15/17 11:40:00  devsetup64: |                     Driver install                       |

02/15/17 11:40:00  devsetup64:  ----------------------------------------------------------

02/15/17 11:40:00  devsetup64: Info  : Driver Install Begin...

02/15/17 11:40:00  devsetup64: Equal to win7

02/15/17 11:40:00  devsetup64: Identifier: 

02/15/17 11:40:00  devsetup64: Find substring 64, So this is a 64bit OS

02/15/17 11:40:00  devsetup64: Info  : OS Version: Win7 64

02/15/17 11:40:00  devsetup64: Succeed : Check system info finish. 

02/15/17 11:40:00  devsetup64: GetDriverInfo get D:\NAVEEN\projects\jai\doozyUnlocker\ModemUnlocker\ModemUnlocker\bin\Debug\FcSerialDrv\Driver\install.xml ok

02/15/17 11:40:00  devsetup64: GetInformationFromConfigFile xml path:D:\NAVEEN\projects\jai\doozyUnlocker\ModemUnlocker\ModemUnlocker\bin\Debug\FcSerialDrv\Driver\install.xml

02/15/17 11:40:00  devsetup64: Identifier: 

02/15/17 11:40:00  devsetup64: Find substring 64, So this is a 64bit OS

02/15/17 11:40:00  devsetup64: Info: Driver path:D:\NAVEEN\projects\jai\doozyUnlocker\ModemUnlocker\ModemUnlocker\bin\Debug\FcSerialDrv\Driver\X64

02/15/17 11:40:00  devsetup64: 
Info  : Remove driver file, OK.

02/15/17 11:40:00  devsetup64: 
Info  : Remove file [C:\WINDOWS\system32\drivers\FcSerial.sys]

02/15/17 11:40:00  devsetup64: Error : Remove file fail, err: 2

02/15/17 11:40:00  devsetup64: Info  : No inf file should be delete.

02/15/17 11:40:00  devsetup64: 
Info  : Remove driver file, OK.

02/15/17 11:40:00  devsetup64: 
Info  : CoypInfFile begin....

02/15/17 11:40:00  devsetup64: 
Info  : Install inf file [D:\NAVEEN\projects\jai\doozyUnlocker\ModemUnlocker\ModemUnlocker\bin\Debug\FcSerialDrv\Driver\X64\FcSerial.inf]

02/15/17 11:40:01  devsetup64: Info  : Install inf file OK.

02/15/17 11:40:01  devsetup64: 
Info  : Copy file [D:\NAVEEN\projects\jai\doozyUnlocker\ModemUnlocker\ModemUnlocker\bin\Debug\FcSerialDrv\Driver\X64\FcSerial.sys] --> [C:\WINDOWS\system32\drivers\FcSerial.sys] 

02/15/17 11:40:01  devsetup64: Info  : Copy file OK.

02/15/17 11:40:01  devsetup64: Info  : Remove device register Info, END...

02/15/17 11:40:01  devsetup64: Info  : Remove device register Info, END...

02/15/17 11:40:01  devsetup64: SUC: end...

02/15/17 11:43:16  devsetup64:  ----------------------------------------------------------

02/15/17 11:43:16  devsetup64: |                     Driver install                       |

02/15/17 11:43:16  devsetup64:  ----------------------------------------------------------

02/15/17 11:43:16  devsetup64: Info  : Driver Install Begin...

02/15/17 11:43:16  devsetup64: Equal to win7

02/15/17 11:43:16  devsetup64: Identifier: 

02/15/17 11:43:16  devsetup64: Find substring 64, So this is a 64bit OS

02/15/17 11:43:16  devsetup64: Info  : OS Version: Win7 64

02/15/17 11:43:16  devsetup64: Succeed : Check system info finish. 

02/15/17 11:43:16  devsetup64: GetDriverInfo get D:\NAVEEN\projects\jai\doozyUnlocker\ModemUnlocker\ModemUnlocker\bin\Debug\FcSerialDrv\Driver\install.xml ok

02/15/17 11:43:16  devsetup64: GetInformationFromConfigFile xml path:D:\NAVEEN\projects\jai\doozyUnlocker\ModemUnlocker\ModemUnlocker\bin\Debug\FcSerialDrv\Driver\install.xml

02/15/17 11:43:16  devsetup64: Identifier: 

02/15/17 11:43:16  devsetup64: Find substring 64, So this is a 64bit OS

02/15/17 11:43:16  devsetup64: Info: Driver path:D:\NAVEEN\projects\jai\doozyUnlocker\ModemUnlocker\ModemUnlocker\bin\Debug\FcSerialDrv\Driver\X64

02/15/17 11:43:16  devsetup64: 
Info  : Remove inf file [C:\WINDOWS\Inf\oem49.inf]

02/15/17 11:43:16  devsetup64: Info  : Remove inf file OK.

02/15/17 11:43:16  devsetup64: 
Info  : Remove driver file, OK.

02/15/17 11:43:16  devsetup64: 
Info  : Remove file [C:\WINDOWS\system32\drivers\FcSerial.sys]

02/15/17 11:43:16  devsetup64: Info  : Remove file OK.

02/15/17 11:43:16  devsetup64: Info  : No inf file should be delete.

02/15/17 11:43:16  devsetup64: 
Info  : Remove driver file, OK.

02/15/17 11:43:16  devsetup64: 
Info  : CoypInfFile begin....

02/15/17 11:43:16  devsetup64: 
Info  : Install inf file [D:\NAVEEN\projects\jai\doozyUnlocker\ModemUnlocker\ModemUnlocker\bin\Debug\FcSerialDrv\Driver\X64\FcSerial.inf]

02/15/17 11:43:17  devsetup64: Info  : Install inf file OK.

02/15/17 11:43:17  devsetup64: 
Info  : Copy file [D:\NAVEEN\projects\jai\doozyUnlocker\ModemUnlocker\ModemUnlocker\bin\Debug\FcSerialDrv\Driver\X64\FcSerial.sys] --> [C:\WINDOWS\system32\drivers\FcSerial.sys] 

02/15/17 11:43:17  devsetup64: Info  : Copy file OK.

02/15/17 11:43:17  devsetup64: Info  : Remove device register Info, END...

02/15/17 11:43:17  devsetup64: Info  : Remove device register Info, END...

02/15/17 11:43:17  devsetup64: SUC: end...

02/15/17 11:59:11  devsetup64:  ----------------------------------------------------------

02/15/17 11:59:11  devsetup64: |                    Driver Uninstall                      |

02/15/17 11:59:11  devsetup64:  ----------------------------------------------------------

02/15/17 11:59:11  devsetup64: Info  : Driver Uninstall begin.

02/15/17 11:59:11  devsetup64: Equal to win7

02/15/17 11:59:11  devsetup64: Identifier: 

02/15/17 11:59:11  devsetup64: Find substring 64, So this is a 64bit OS

02/15/17 11:59:11  devsetup64: Info  : OS Version: Win7 64

02/15/17 11:59:11  devsetup64: Succeed : Check system info finish. 

02/15/17 11:59:11  devsetup64: GetDriverInfo get D:\NAVEEN\projects\jai\doozyUnlocker\ModemUnlocker\ModemUnlocker\bin\Debug\FcSerialDrv\Driver\install.xml ok

02/15/17 11:59:11  devsetup64: GetInformationFromConfigFile xml path:D:\NAVEEN\projects\jai\doozyUnlocker\ModemUnlocker\ModemUnlocker\bin\Debug\FcSerialDrv\Driver\install.xml

02/15/17 11:59:11  devsetup64: 
Info  : Remove inf file [C:\WINDOWS\Inf\oem49.inf]

02/15/17 11:59:11  devsetup64: Info  : Remove inf file OK.

02/15/17 11:59:11  devsetup64: 
Info  : Remove driver file, OK.

02/15/17 11:59:11  devsetup64: Info  : Remove device register Info, END...

02/15/17 11:59:11  devsetup64: Info  : Remove device register Info, END...

02/15/17 11:59:11  devsetup64: 
Info  : Remove file [C:\WINDOWS\system32\drivers\FcSerial.sys]

02/15/17 11:59:11  devsetup64: Info  : Remove file OK.

02/15/17 11:59:11  devsetup64: Info  : No inf file should be delete.

02/15/17 11:59:11  devsetup64: 
Info  : Remove driver file, OK.

02/15/17 11:59:11  devsetup64: SUC: end...

02/16/17 21:40:46  devsetup64:  ----------------------------------------------------------

02/16/17 21:40:46  devsetup64: |                     Driver install                       |

02/16/17 21:40:46  devsetup64:  ----------------------------------------------------------

02/16/17 21:40:46  devsetup64: Info  : Driver Install Begin...

02/16/17 21:40:46  devsetup64: Equal to win7

02/16/17 21:40:46  devsetup64: Identifier: 

02/16/17 21:40:46  devsetup64: Find substring 64, So this is a 64bit OS

02/16/17 21:40:46  devsetup64: Info  : OS Version: Win7 64

02/16/17 21:40:46  devsetup64: Succeed : Check system info finish. 

02/16/17 21:40:46  devsetup64: GetDriverInfo get D:\NAVEEN\projects\jai\doozyUnlocker\ModemUnlocker\ModemUnlocker\bin\Debug\FcSerialDrv\Driver\install.xml ok

02/16/17 21:40:46  devsetup64: GetInformationFromConfigFile xml path:D:\NAVEEN\projects\jai\doozyUnlocker\ModemUnlocker\ModemUnlocker\bin\Debug\FcSerialDrv\Driver\install.xml

02/16/17 21:40:46  devsetup64: Identifier: 

02/16/17 21:40:46  devsetup64: Find substring 64, So this is a 64bit OS

02/16/17 21:40:46  devsetup64: Info: Driver path:D:\NAVEEN\projects\jai\doozyUnlocker\ModemUnlocker\ModemUnlocker\bin\Debug\FcSerialDrv\Driver\X64

02/16/17 21:40:46  devsetup64: 
Info  : Remove driver file, OK.

02/16/17 21:40:46  devsetup64: 
Info  : Remove file [C:\WINDOWS\system32\drivers\FcSerial.sys]

02/16/17 21:40:46  devsetup64: Error : Remove file fail, err: 2

02/16/17 21:40:46  devsetup64: Info  : No inf file should be delete.

02/16/17 21:40:46  devsetup64: 
Info  : Remove driver file, OK.

02/16/17 21:40:46  devsetup64: 
Info  : CoypInfFile begin....

02/16/17 21:40:46  devsetup64: 
Info  : Install inf file [D:\NAVEEN\projects\jai\doozyUnlocker\ModemUnlocker\ModemUnlocker\bin\Debug\FcSerialDrv\Driver\X64\FcSerial.inf]

02/16/17 21:40:47  devsetup64: Info  : Install inf file OK.

02/16/17 21:40:47  devsetup64: 
Info  : Copy file [D:\NAVEEN\projects\jai\doozyUnlocker\ModemUnlocker\ModemUnlocker\bin\Debug\FcSerialDrv\Driver\X64\FcSerial.sys] --> [C:\WINDOWS\system32\drivers\FcSerial.sys] 

02/16/17 21:40:47  devsetup64: Info  : Copy file OK.

02/16/17 21:40:47  devsetup64: Info  : Remove device register Info, END...

02/16/17 21:40:47  devsetup64: Info  : Remove device register Info, END...

02/16/17 21:40:47  devsetup64: SUC: end...

02/16/17 21:41:30  devsetup64:  ----------------------------------------------------------

02/16/17 21:41:30  devsetup64: |                     Driver install                       |

02/16/17 21:41:30  devsetup64:  ----------------------------------------------------------

02/16/17 21:41:30  devsetup64: Info  : Driver Install Begin...

02/16/17 21:41:30  devsetup64: Equal to win7

02/16/17 21:41:30  devsetup64: Identifier: 

02/16/17 21:41:30  devsetup64: Find substring 64, So this is a 64bit OS

02/16/17 21:41:30  devsetup64: Info  : OS Version: Win7 64

02/16/17 21:41:30  devsetup64: Succeed : Check system info finish. 

02/16/17 21:41:30  devsetup64: GetDriverInfo get D:\NAVEEN\projects\jai\doozyUnlocker\ModemUnlocker\ModemUnlocker\bin\Debug\FcSerialDrv\Driver\install.xml ok

02/16/17 21:41:30  devsetup64: GetInformationFromConfigFile xml path:D:\NAVEEN\projects\jai\doozyUnlocker\ModemUnlocker\ModemUnlocker\bin\Debug\FcSerialDrv\Driver\install.xml

02/16/17 21:41:30  devsetup64: Identifier: 

02/16/17 21:41:30  devsetup64: Find substring 64, So this is a 64bit OS

02/16/17 21:41:30  devsetup64: Info: Driver path:D:\NAVEEN\projects\jai\doozyUnlocker\ModemUnlocker\ModemUnlocker\bin\Debug\FcSerialDrv\Driver\X64

02/16/17 21:41:30  devsetup64: 
Info  : Remove inf file [C:\WINDOWS\Inf\oem49.inf]

02/16/17 21:41:31  devsetup64: Info  : Remove inf file OK.

02/16/17 21:41:31  devsetup64: 
Info  : Remove driver file, OK.

02/16/17 21:41:31  devsetup64: 
Info  : Remove file [C:\WINDOWS\system32\drivers\FcSerial.sys]

02/16/17 21:41:31  devsetup64: Info  : Remove file OK.

02/16/17 21:41:31  devsetup64: Info  : No inf file should be delete.

02/16/17 21:41:31  devsetup64: 
Info  : Remove driver file, OK.

02/16/17 21:41:31  devsetup64: 
Info  : CoypInfFile begin....

02/16/17 21:41:31  devsetup64: 
Info  : Install inf file [D:\NAVEEN\projects\jai\doozyUnlocker\ModemUnlocker\ModemUnlocker\bin\Debug\FcSerialDrv\Driver\X64\FcSerial.inf]

02/16/17 21:41:32  devsetup64: Info  : Install inf file OK.

02/16/17 21:41:32  devsetup64: 
Info  : Copy file [D:\NAVEEN\projects\jai\doozyUnlocker\ModemUnlocker\ModemUnlocker\bin\Debug\FcSerialDrv\Driver\X64\FcSerial.sys] --> [C:\WINDOWS\system32\drivers\FcSerial.sys] 

02/16/17 21:41:32  devsetup64: Info  : Copy file OK.

02/16/17 21:41:32  devsetup64: Info  : Remove device register Info, END...

02/16/17 21:41:32  devsetup64: Info  : Remove device register Info, END...

02/16/17 21:41:32  devsetup64: SUC: end...

02/16/17 21:42:12  devsetup64:  ----------------------------------------------------------

02/16/17 21:42:12  devsetup64: |                     Driver install                       |

02/16/17 21:42:12  devsetup64:  ----------------------------------------------------------

02/16/17 21:42:12  devsetup64: Info  : Driver Install Begin...

02/16/17 21:42:12  devsetup64: Equal to win7

02/16/17 21:42:12  devsetup64: Identifier: 

02/16/17 21:42:12  devsetup64: Find substring 64, So this is a 64bit OS

02/16/17 21:42:12  devsetup64: Info  : OS Version: Win7 64

02/16/17 21:42:12  devsetup64: Succeed : Check system info finish. 

02/16/17 21:42:12  devsetup64: GetDriverInfo get D:\NAVEEN\projects\jai\doozyUnlocker\ModemUnlocker\ModemUnlocker\bin\Debug\FcSerialDrv\Driver\install.xml ok

02/16/17 21:42:12  devsetup64: GetInformationFromConfigFile xml path:D:\NAVEEN\projects\jai\doozyUnlocker\ModemUnlocker\ModemUnlocker\bin\Debug\FcSerialDrv\Driver\install.xml

02/16/17 21:42:12  devsetup64: Identifier: 

02/16/17 21:42:12  devsetup64: Find substring 64, So this is a 64bit OS

02/16/17 21:42:12  devsetup64: Info: Driver path:D:\NAVEEN\projects\jai\doozyUnlocker\ModemUnlocker\ModemUnlocker\bin\Debug\FcSerialDrv\Driver\X64

02/16/17 21:42:13  devsetup64: 
Info  : Remove inf file [C:\WINDOWS\Inf\oem49.inf]

02/16/17 21:42:13  devsetup64: Info  : Remove inf file OK.

02/16/17 21:42:13  devsetup64: 
Info  : Remove driver file, OK.

02/16/17 21:42:13  devsetup64: 
Info  : Remove file [C:\WINDOWS\system32\drivers\FcSerial.sys]

02/16/17 21:42:13  devsetup64: Info  : Remove file OK.

02/16/17 21:42:13  devsetup64: Info  : No inf file should be delete.

02/16/17 21:42:13  devsetup64: 
Info  : Remove driver file, OK.

02/16/17 21:42:13  devsetup64: 
Info  : CoypInfFile begin....

02/16/17 21:42:13  devsetup64: 
Info  : Install inf file [D:\NAVEEN\projects\jai\doozyUnlocker\ModemUnlocker\ModemUnlocker\bin\Debug\FcSerialDrv\Driver\X64\FcSerial.inf]

02/16/17 21:42:14  devsetup64: Info  : Install inf file OK.

02/16/17 21:42:14  devsetup64: 
Info  : Copy file [D:\NAVEEN\projects\jai\doozyUnlocker\ModemUnlocker\ModemUnlocker\bin\Debug\FcSerialDrv\Driver\X64\FcSerial.sys] --> [C:\WINDOWS\system32\drivers\FcSerial.sys] 

02/16/17 21:42:14  devsetup64: Info  : Copy file OK.

02/16/17 21:42:14  devsetup64: Info  : Remove device register Info, END...

02/16/17 21:42:14  devsetup64: Info  : Remove device register Info, END...

02/16/17 21:42:14  devsetup64: SUC: end...

02/17/17 05:06:54  devsetup64:  ----------------------------------------------------------

02/17/17 05:06:54  devsetup64: |                     Driver install                       |

02/17/17 05:06:54  devsetup64:  ----------------------------------------------------------

02/17/17 05:06:54  devsetup64: Info  : Driver Install Begin...

02/17/17 05:06:54  devsetup64: Equal to win7

02/17/17 05:06:54  devsetup64: Identifier: 

02/17/17 05:06:54  devsetup64: Find substring 64, So this is a 64bit OS

02/17/17 05:06:54  devsetup64: Info  : OS Version: Win7 64

02/17/17 05:06:54  devsetup64: Succeed : Check system info finish. 

02/17/17 05:06:54  devsetup64: GetDriverInfo get D:\NAVEEN\projects\jai\doozyUnlocker\ModemUnlocker\ModemUnlocker\bin\Debug\FcSerialDrv\Driver\install.xml ok

02/17/17 05:06:54  devsetup64: GetInformationFromConfigFile xml path:D:\NAVEEN\projects\jai\doozyUnlocker\ModemUnlocker\ModemUnlocker\bin\Debug\FcSerialDrv\Driver\install.xml

02/17/17 05:06:54  devsetup64: Identifier: 

02/17/17 05:06:54  devsetup64: Find substring 64, So this is a 64bit OS

02/17/17 05:06:54  devsetup64: Info: Driver path:D:\NAVEEN\projects\jai\doozyUnlocker\ModemUnlocker\ModemUnlocker\bin\Debug\FcSerialDrv\Driver\X64

02/17/17 05:06:54  devsetup64: 
Info  : Remove inf file [C:\WINDOWS\Inf\oem49.inf]

02/17/17 05:06:54  devsetup64: Info  : Remove inf file OK.

02/17/17 05:06:54  devsetup64: 
Info  : Remove driver file, OK.

02/17/17 05:06:54  devsetup64: 
Info  : Remove file [C:\WINDOWS\system32\drivers\FcSerial.sys]

02/17/17 05:06:54  devsetup64: Info  : Remove file OK.

02/17/17 05:06:54  devsetup64: Info  : No inf file should be delete.

02/17/17 05:06:54  devsetup64: 
Info  : Remove driver file, OK.

02/17/17 05:06:54  devsetup64: 
Info  : CoypInfFile begin....

02/17/17 05:06:54  devsetup64: 
Info  : Install inf file [D:\NAVEEN\projects\jai\doozyUnlocker\ModemUnlocker\ModemUnlocker\bin\Debug\FcSerialDrv\Driver\X64\FcSerial.inf]

02/17/17 05:06:55  devsetup64: Info  : Install inf file OK.

02/17/17 05:06:55  devsetup64: 
Info  : Copy file [D:\NAVEEN\projects\jai\doozyUnlocker\ModemUnlocker\ModemUnlocker\bin\Debug\FcSerialDrv\Driver\X64\FcSerial.sys] --> [C:\WINDOWS\system32\drivers\FcSerial.sys] 

02/17/17 05:06:55  devsetup64: Info  : Copy file OK.

02/17/17 05:06:55  devsetup64: Info  : Remove device register Info, END...

02/17/17 05:06:55  devsetup64: Info  : Remove device register Info, END...

02/17/17 05:06:55  devsetup64: SUC: end...

02/17/17 05:16:46  devsetup64:  ----------------------------------------------------------

02/17/17 05:16:46  devsetup64: |                    Driver Uninstall                      |

02/17/17 05:16:46  devsetup64:  ----------------------------------------------------------

02/17/17 05:16:46  devsetup64: Info  : Driver Uninstall begin.

02/17/17 05:16:46  devsetup64: Equal to win7

02/17/17 05:16:46  devsetup64: Identifier: 

02/17/17 05:16:46  devsetup64: Find substring 64, So this is a 64bit OS

02/17/17 05:16:46  devsetup64: Info  : OS Version: Win7 64

02/17/17 05:16:46  devsetup64: Succeed : Check system info finish. 

02/17/17 05:16:46  devsetup64: GetDriverInfo get D:\NAVEEN\projects\jai\doozyUnlocker\ModemUnlocker\ModemUnlocker\bin\Debug\FcSerialDrv\Driver\install.xml ok

02/17/17 05:16:46  devsetup64: GetInformationFromConfigFile xml path:D:\NAVEEN\projects\jai\doozyUnlocker\ModemUnlocker\ModemUnlocker\bin\Debug\FcSerialDrv\Driver\install.xml

02/17/17 05:16:46  devsetup64: 
Info  : Remove inf file [C:\WINDOWS\Inf\oem49.inf]

02/17/17 05:16:46  devsetup64: Info  : Remove inf file OK.

02/17/17 05:16:46  devsetup64: 
Info  : Remove driver file, OK.

02/17/17 05:16:46  devsetup64: Info  : Remove device register Info, END...

02/17/17 05:16:46  devsetup64: Info  : Remove device register Info, END...

02/17/17 05:16:46  devsetup64: 
Info  : Remove file [C:\WINDOWS\system32\drivers\FcSerial.sys]

02/17/17 05:16:46  devsetup64: Info  : Remove file OK.

02/17/17 05:16:46  devsetup64: Info  : No inf file should be delete.

02/17/17 05:16:46  devsetup64: 
Info  : Remove driver file, OK.

02/17/17 05:16:46  devsetup64: SUC: end...

02/17/17 05:17:24  devsetup64:  ----------------------------------------------------------

02/17/17 05:17:24  devsetup64: |                     Driver install                       |

02/17/17 05:17:24  devsetup64:  ----------------------------------------------------------

02/17/17 05:17:24  devsetup64: Info  : Driver Install Begin...

02/17/17 05:17:24  devsetup64: Equal to win7

02/17/17 05:17:24  devsetup64: Identifier: 

02/17/17 05:17:24  devsetup64: Find substring 64, So this is a 64bit OS

02/17/17 05:17:24  devsetup64: Info  : OS Version: Win7 64

02/17/17 05:17:24  devsetup64: Succeed : Check system info finish. 

02/17/17 05:17:24  devsetup64: GetDriverInfo get D:\NAVEEN\projects\jai\doozyUnlocker\ModemUnlocker\ModemUnlocker\bin\Debug\FcSerialDrv\Driver\install.xml ok

02/17/17 05:17:24  devsetup64: GetInformationFromConfigFile xml path:D:\NAVEEN\projects\jai\doozyUnlocker\ModemUnlocker\ModemUnlocker\bin\Debug\FcSerialDrv\Driver\install.xml

02/17/17 05:17:24  devsetup64: Identifier: 

02/17/17 05:17:24  devsetup64: Find substring 64, So this is a 64bit OS

02/17/17 05:17:24  devsetup64: Info: Driver path:D:\NAVEEN\projects\jai\doozyUnlocker\ModemUnlocker\ModemUnlocker\bin\Debug\FcSerialDrv\Driver\X64

02/17/17 05:17:24  devsetup64: 
Info  : Remove driver file, OK.

02/17/17 05:17:24  devsetup64: 
Info  : Remove file [C:\WINDOWS\system32\drivers\FcSerial.sys]

02/17/17 05:17:24  devsetup64: Error : Remove file fail, err: 2

02/17/17 05:17:24  devsetup64: Info  : No inf file should be delete.

02/17/17 05:17:24  devsetup64: 
Info  : Remove driver file, OK.

02/17/17 05:17:24  devsetup64: 
Info  : CoypInfFile begin....

02/17/17 05:17:24  devsetup64: 
Info  : Install inf file [D:\NAVEEN\projects\jai\doozyUnlocker\ModemUnlocker\ModemUnlocker\bin\Debug\FcSerialDrv\Driver\X64\FcSerial.inf]

02/17/17 05:17:25  devsetup64: Info  : Install inf file OK.

02/17/17 05:17:25  devsetup64: 
Info  : Copy file [D:\NAVEEN\projects\jai\doozyUnlocker\ModemUnlocker\ModemUnlocker\bin\Debug\FcSerialDrv\Driver\X64\FcSerial.sys] --> [C:\WINDOWS\system32\drivers\FcSerial.sys] 

02/17/17 05:17:25  devsetup64: Info  : Copy file OK.

02/17/17 05:17:25  devsetup64: Info  : Remove device register Info, END...

02/17/17 05:17:25  devsetup64: Info  : Remove device register Info, END...

02/17/17 05:17:25  devsetup64: SUC: end...

02/17/17 05:18:40  devsetup64:  ----------------------------------------------------------

02/17/17 05:18:40  devsetup64: |                     Driver install                       |

02/17/17 05:18:40  devsetup64:  ----------------------------------------------------------

02/17/17 05:18:40  devsetup64: Info  : Driver Install Begin...

02/17/17 05:18:40  devsetup64: Equal to win7

02/17/17 05:18:40  devsetup64: Identifier: 

02/17/17 05:18:40  devsetup64: Find substring 64, So this is a 64bit OS

02/17/17 05:18:40  devsetup64: Info  : OS Version: Win7 64

02/17/17 05:18:40  devsetup64: Succeed : Check system info finish. 

02/17/17 05:18:40  devsetup64: GetDriverInfo get D:\NAVEEN\projects\jai\doozyUnlocker\ModemUnlocker\ModemUnlocker\bin\Debug\FcSerialDrv\Driver\install.xml ok

02/17/17 05:18:40  devsetup64: GetInformationFromConfigFile xml path:D:\NAVEEN\projects\jai\doozyUnlocker\ModemUnlocker\ModemUnlocker\bin\Debug\FcSerialDrv\Driver\install.xml

02/17/17 05:18:40  devsetup64: Identifier: 

02/17/17 05:18:40  devsetup64: Find substring 64, So this is a 64bit OS

02/17/17 05:18:40  devsetup64: Info: Driver path:D:\NAVEEN\projects\jai\doozyUnlocker\ModemUnlocker\ModemUnlocker\bin\Debug\FcSerialDrv\Driver\X64

02/17/17 05:18:40  devsetup64: 
Info  : Remove inf file [C:\WINDOWS\Inf\oem66.inf]

02/17/17 05:18:40  devsetup64: Info  : Remove inf file OK.

02/17/17 05:18:40  devsetup64: 
Info  : Remove driver file, OK.

02/17/17 05:18:40  devsetup64: 
Info  : Remove file [C:\WINDOWS\system32\drivers\FcSerial.sys]

02/17/17 05:18:40  devsetup64: Info  : Remove file OK.

02/17/17 05:18:40  devsetup64: Info  : No inf file should be delete.

02/17/17 05:18:40  devsetup64: 
Info  : Remove driver file, OK.

02/17/17 05:18:40  devsetup64: 
Info  : CoypInfFile begin....

02/17/17 05:18:40  devsetup64: 
Info  : Install inf file [D:\NAVEEN\projects\jai\doozyUnlocker\ModemUnlocker\ModemUnlocker\bin\Debug\FcSerialDrv\Driver\X64\FcSerial.inf]

02/17/17 05:18:41  devsetup64: Info  : Install inf file OK.

02/17/17 05:18:41  devsetup64: 
Info  : Copy file [D:\NAVEEN\projects\jai\doozyUnlocker\ModemUnlocker\ModemUnlocker\bin\Debug\FcSerialDrv\Driver\X64\FcSerial.sys] --> [C:\WINDOWS\system32\drivers\FcSerial.sys] 

02/17/17 05:18:41  devsetup64: Info  : Copy file OK.

02/17/17 05:18:41  devsetup64: Info  : Remove device register Info, END...

02/17/17 05:18:41  devsetup64: Info  : Remove device register Info, END...

02/17/17 05:18:41  devsetup64: SUC: end...

02/17/17 05:22:23  devsetup64:  ----------------------------------------------------------

02/17/17 05:22:23  devsetup64: |                    Driver Uninstall                      |

02/17/17 05:22:23  devsetup64:  ----------------------------------------------------------

02/17/17 05:22:23  devsetup64: Info  : Driver Uninstall begin.

02/17/17 05:22:23  devsetup64: Equal to win7

02/17/17 05:22:23  devsetup64: Identifier: 

02/17/17 05:22:23  devsetup64: Find substring 64, So this is a 64bit OS

02/17/17 05:22:23  devsetup64: Info  : OS Version: Win7 64

02/17/17 05:22:23  devsetup64: Succeed : Check system info finish. 

02/17/17 05:22:23  devsetup64: GetDriverInfo get D:\NAVEEN\projects\jai\doozyUnlocker\ModemUnlocker\ModemUnlocker\bin\Debug\FcSerialDrv\Driver\install.xml ok

02/17/17 05:22:23  devsetup64: GetInformationFromConfigFile xml path:D:\NAVEEN\projects\jai\doozyUnlocker\ModemUnlocker\ModemUnlocker\bin\Debug\FcSerialDrv\Driver\install.xml

02/17/17 05:22:23  devsetup64: 
Info  : Remove inf file [C:\WINDOWS\Inf\oem66.inf]

02/17/17 05:22:23  devsetup64: Info  : Remove inf file OK.

02/17/17 05:22:23  devsetup64: 
Info  : Remove driver file, OK.

02/17/17 05:22:23  devsetup64: Info  : Remove device register Info, END...

02/17/17 05:22:23  devsetup64: Info  : Remove device register Info, END...

02/17/17 05:22:23  devsetup64: 
Info  : Remove file [C:\WINDOWS\system32\drivers\FcSerial.sys]

02/17/17 05:22:23  devsetup64: Info  : Remove file OK.

02/17/17 05:22:23  devsetup64: Info  : No inf file should be delete.

02/17/17 05:22:23  devsetup64: 
Info  : Remove driver file, OK.

02/17/17 05:22:23  devsetup64: SUC: end...

02/17/17 06:02:24  devsetup64:  ----------------------------------------------------------

02/17/17 06:02:24  devsetup64: |                     Driver install                       |

02/17/17 06:02:24  devsetup64:  ----------------------------------------------------------

02/17/17 06:02:24  devsetup64: Info  : Driver Install Begin...

02/17/17 06:02:24  devsetup64: Equal to win7

02/17/17 06:02:24  devsetup64: Identifier: 

02/17/17 06:02:24  devsetup64: Find substring 64, So this is a 64bit OS

02/17/17 06:02:24  devsetup64: Info  : OS Version: Win7 64

02/17/17 06:02:24  devsetup64: Succeed : Check system info finish. 

02/17/17 06:02:24  devsetup64: GetDriverInfo get D:\NAVEEN\projects\jai\doozyUnlocker\ModemUnlocker\ModemUnlocker\bin\Debug\FcSerialDrv\Driver\install.xml ok

02/17/17 06:02:24  devsetup64: GetInformationFromConfigFile xml path:D:\NAVEEN\projects\jai\doozyUnlocker\ModemUnlocker\ModemUnlocker\bin\Debug\FcSerialDrv\Driver\install.xml

02/17/17 06:02:24  devsetup64: Identifier: 

02/17/17 06:02:24  devsetup64: Find substring 64, So this is a 64bit OS

02/17/17 06:02:24  devsetup64: Info: Driver path:D:\NAVEEN\projects\jai\doozyUnlocker\ModemUnlocker\ModemUnlocker\bin\Debug\FcSerialDrv\Driver\X64

02/17/17 06:02:24  devsetup64: 
Info  : Remove driver file, OK.

02/17/17 06:02:24  devsetup64: 
Info  : Remove file [C:\WINDOWS\system32\drivers\FcSerial.sys]

02/17/17 06:02:24  devsetup64: Error : Remove file fail, err: 2

02/17/17 06:02:24  devsetup64: Info  : No inf file should be delete.

02/17/17 06:02:24  devsetup64: 
Info  : Remove driver file, OK.

02/17/17 06:02:24  devsetup64: 
Info  : CoypInfFile begin....

02/17/17 06:02:24  devsetup64: 
Info  : Install inf file [D:\NAVEEN\projects\jai\doozyUnlocker\ModemUnlocker\ModemUnlocker\bin\Debug\FcSerialDrv\Driver\X64\FcSerial.inf]

02/17/17 06:02:25  devsetup64: Info  : Install inf file OK.

02/17/17 06:02:25  devsetup64: 
Info  : Copy file [D:\NAVEEN\projects\jai\doozyUnlocker\ModemUnlocker\ModemUnlocker\bin\Debug\FcSerialDrv\Driver\X64\FcSerial.sys] --> [C:\WINDOWS\system32\drivers\FcSerial.sys] 

02/17/17 06:02:25  devsetup64: Info  : Copy file OK.

02/17/17 06:02:25  devsetup64: Info  : Remove device register Info, END...

02/17/17 06:02:25  devsetup64: Info  : Remove device register Info, END...

02/17/17 06:02:25  devsetup64: SUC: end...

02/21/17 21:27:05  devsetup64:  ----------------------------------------------------------

02/21/17 21:27:05  devsetup64: |                     Driver install                       |

02/21/17 21:27:05  devsetup64:  ----------------------------------------------------------

02/21/17 21:27:05  devsetup64: Info  : Driver Install Begin...

02/21/17 21:27:05  devsetup64: Equal to win7

02/21/17 21:27:05  devsetup64: Identifier: 

02/21/17 21:27:05  devsetup64: Find substring 64, So this is a 64bit OS

02/21/17 21:27:05  devsetup64: Info  : OS Version: Win7 64

02/21/17 21:27:05  devsetup64: Succeed : Check system info finish. 

02/21/17 21:27:05  devsetup64: GetDriverInfo get D:\NAVEEN\projects\jai\doozyUnlocker\ModemUnlocker\ModemUnlocker\bin\Debug\FcSerialDrv\Driver\install.xml ok

02/21/17 21:27:05  devsetup64: GetInformationFromConfigFile xml path:D:\NAVEEN\projects\jai\doozyUnlocker\ModemUnlocker\ModemUnlocker\bin\Debug\FcSerialDrv\Driver\install.xml

02/21/17 21:27:05  devsetup64: Identifier: 

02/21/17 21:27:05  devsetup64: Find substring 64, So this is a 64bit OS

02/21/17 21:27:05  devsetup64: Info: Driver path:D:\NAVEEN\projects\jai\doozyUnlocker\ModemUnlocker\ModemUnlocker\bin\Debug\FcSerialDrv\Driver\X64

02/21/17 21:27:06  devsetup64: 
Info  : Remove inf file [C:\WINDOWS\Inf\oem66.inf]

02/21/17 21:27:06  devsetup64: Info  : Remove inf file OK.

02/21/17 21:27:07  devsetup64: 
Info  : Remove driver file, OK.

02/21/17 21:27:07  devsetup64: 
Info  : Remove file [C:\WINDOWS\system32\drivers\FcSerial.sys]

02/21/17 21:27:07  devsetup64: Info  : Remove file OK.

02/21/17 21:27:07  devsetup64: Info  : No inf file should be delete.

02/21/17 21:27:07  devsetup64: 
Info  : Remove driver file, OK.

02/21/17 21:27:07  devsetup64: 
Info  : CoypInfFile begin....

02/21/17 21:27:07  devsetup64: 
Info  : Install inf file [D:\NAVEEN\projects\jai\doozyUnlocker\ModemUnlocker\ModemUnlocker\bin\Debug\FcSerialDrv\Driver\X64\FcSerial.inf]

02/21/17 21:27:09  devsetup64: Info  : Install inf file OK.

02/21/17 21:27:09  devsetup64: 
Info  : Copy file [D:\NAVEEN\projects\jai\doozyUnlocker\ModemUnlocker\ModemUnlocker\bin\Debug\FcSerialDrv\Driver\X64\FcSerial.sys] --> [C:\WINDOWS\system32\drivers\FcSerial.sys] 

02/21/17 21:27:09  devsetup64: Info  : Copy file OK.

02/21/17 21:27:09  devsetup64: Info  : Remove device register Info, END...

02/21/17 21:27:09  devsetup64: Info  : Remove device register Info, END...

02/21/17 21:27:09  devsetup64: SUC: end...

02/21/17 21:28:02  devsetup64:  ----------------------------------------------------------

02/21/17 21:28:02  devsetup64: |                     Driver install                       |

02/21/17 21:28:02  devsetup64:  ----------------------------------------------------------

02/21/17 21:28:02  devsetup64: Info  : Driver Install Begin...

02/21/17 21:28:02  devsetup64: Equal to win7

02/21/17 21:28:02  devsetup64: Identifier: 

02/21/17 21:28:02  devsetup64: Find substring 64, So this is a 64bit OS

02/21/17 21:28:02  devsetup64: Info  : OS Version: Win7 64

02/21/17 21:28:02  devsetup64: Succeed : Check system info finish. 

02/21/17 21:28:02  devsetup64: GetDriverInfo get D:\NAVEEN\projects\jai\doozyUnlocker\ModemUnlocker\ModemUnlocker\bin\Debug\FcSerialDrv\Driver\install.xml ok

02/21/17 21:28:02  devsetup64: GetInformationFromConfigFile xml path:D:\NAVEEN\projects\jai\doozyUnlocker\ModemUnlocker\ModemUnlocker\bin\Debug\FcSerialDrv\Driver\install.xml

02/21/17 21:28:02  devsetup64: Identifier: 

02/21/17 21:28:02  devsetup64: Find substring 64, So this is a 64bit OS

02/21/17 21:28:02  devsetup64: Info: Driver path:D:\NAVEEN\projects\jai\doozyUnlocker\ModemUnlocker\ModemUnlocker\bin\Debug\FcSerialDrv\Driver\X64

02/21/17 21:28:02  devsetup64: 
Info  : Remove inf file [C:\WINDOWS\Inf\oem66.inf]

02/21/17 21:28:03  devsetup64: Info  : Remove inf file OK.

02/21/17 21:28:03  devsetup64: 
Info  : Remove driver file, OK.

02/21/17 21:28:03  devsetup64: 
Info  : Remove file [C:\WINDOWS\system32\drivers\FcSerial.sys]

02/21/17 21:28:03  devsetup64: Info  : Remove file OK.

02/21/17 21:28:03  devsetup64: Info  : No inf file should be delete.

02/21/17 21:28:03  devsetup64: 
Info  : Remove driver file, OK.

02/21/17 21:28:03  devsetup64: 
Info  : CoypInfFile begin....

02/21/17 21:28:03  devsetup64: 
Info  : Install inf file [D:\NAVEEN\projects\jai\doozyUnlocker\ModemUnlocker\ModemUnlocker\bin\Debug\FcSerialDrv\Driver\X64\FcSerial.inf]

02/21/17 21:28:03  devsetup64: Info  : Install inf file OK.

02/21/17 21:28:03  devsetup64: 
Info  : Copy file [D:\NAVEEN\projects\jai\doozyUnlocker\ModemUnlocker\ModemUnlocker\bin\Debug\FcSerialDrv\Driver\X64\FcSerial.sys] --> [C:\WINDOWS\system32\drivers\FcSerial.sys] 

02/21/17 21:28:03  devsetup64: Info  : Copy file OK.

02/21/17 21:28:03  devsetup64: Info  : Remove device register Info, END...

02/21/17 21:28:03  devsetup64: Info  : Remove device register Info, END...

02/21/17 21:28:03  devsetup64: SUC: end...

